<?xml version="1.0" encoding="UTF-8"?>
<testng-results total="1" passed="1" failed="0" skipped="0">
  <reporter-output>
  </reporter-output>
  <suite started-at="2020-07-20T19:26:21Z" name="Suitefortest" finished-at="2020-07-20T19:26:59Z" duration-ms="37588">
    <groups>
      <group name="cucumber">
        <method signature="AbstractTestNGCucumberTests.feature(cucumber.api.testng.CucumberFeatureWrapper)[pri:0, instance:runner.RunCuke@15eb5ee5]" name="feature" class="cucumber.api.testng.AbstractTestNGCucumberTests"/>
      </group> <!-- cucumber -->
    </groups>
    <test started-at="2020-07-20T19:26:21Z" name="Testfortest" finished-at="2020-07-20T19:26:59Z" duration-ms="37588">
      <class name="runner.RunCuke">
        <test-method is-config="true" signature="setUpClass()[pri:0, instance:runner.RunCuke@15eb5ee5]" started-at="2020-07-20T22:26:21Z" name="setUpClass" finished-at="2020-07-20T22:26:21Z" duration-ms="389" status="PASS">
          <reporter-output>
          </reporter-output>
        </test-method> <!-- setUpClass -->
        <test-method is-config="true" signature="setup()[pri:0, instance:runner.RunCuke@15eb5ee5]" started-at="2020-07-20T22:26:21Z" name="setup" finished-at="2020-07-20T22:26:27Z" duration-ms="5432" status="PASS">
          <reporter-output>
          </reporter-output>
        </test-method> <!-- setup -->
        <test-method signature="feature(cucumber.api.testng.CucumberFeatureWrapper)[pri:0, instance:runner.RunCuke@15eb5ee5]" started-at="2020-07-20T22:26:27Z" name="feature" description="Runs Cucumber Feature" data-provider="features" finished-at="2020-07-20T22:26:58Z" duration-ms="31454" status="PASS">
          <params>
            <param index="0">
              <value>
                <![CDATA[Open ebay.com]]>
              </value>
            </param>
          </params>
          <reporter-output>
          </reporter-output>
        </test-method> <!-- feature -->
        <test-method is-config="true" signature="tearDownClass()[pri:0, instance:runner.RunCuke@15eb5ee5]" started-at="2020-07-20T22:26:58Z" name="tearDownClass" finished-at="2020-07-20T22:26:59Z" duration-ms="100" status="PASS">
          <reporter-output>
          </reporter-output>
        </test-method> <!-- tearDownClass -->
      </class> <!-- runner.RunCuke -->
    </test> <!-- Testfortest -->
  </suite> <!-- Suitefortest -->
</testng-results>
